Flutter crash report.
Please report a bug at https://github.com/flutter/flutter/issues.

## command

flutter run -d iPhone 17 Pro

## exception

FileSystemException: FileSystemException: Directory listing failed, path = '/Users/guhbj/Desktop/mr_belote/ios/Pods/AppCheckCore/AppCheckCore 5/' (OS Error: Operation timed out, errno = 60)

```
#0      _Directory._fillWithDirectoryListing (dart:io-patch/directory_patch.dart:49:4)
#1      _Directory.listSync (dart:io/directory_impl.dart:273:5)
#2      ForwardingDirectory.listSync (package:file/src/forwarding/forwarding_directory.dart:43:12)
#3      ForwardingDirectory.listSync (package:file/src/forwarding/forwarding_directory.dart:43:12)
#4      RunCommand._sharedAnalyticsUsageValues.<anonymous closure> (package:flutter_tools/src/commands/run.dart:609:14)
<asynchronous suspension>
#5      RunCommand.unifiedAnalyticsUsageValues (package:flutter_tools/src/commands/run.dart:534:47)
<asynchronous suspension>
#6      FlutterCommand.verifyThenRunCommand (package:flutter_tools/src/runner/flutter_command.dart:1882:22)
<asynchronous suspension>
#7      FlutterCommand.run.<anonymous closure> (package:flutter_tools/src/runner/flutter_command.dart:1559:27)
<asynchronous suspension>
#8      AppContext.run.<anonymous closure> (package:flutter_tools/src/base/context.dart:154:19)
<asynchronous suspension>
#9      CommandRunner.runCommand (package:args/command_runner.dart:212:13)
<asynchronous suspension>
#10     FlutterCommandRunner.runCommand.<anonymous closure> (package:flutter_tools/src/runner/flutter_command_runner.dart:487:9)
<asynchronous suspension>
#11     AppContext.run.<anonymous closure> (package:flutter_tools/src/base/context.dart:154:19)
<asynchronous suspension>
#12     FlutterCommandRunner.runCommand (package:flutter_tools/src/runner/flutter_command_runner.dart:422:5)
<asynchronous suspension>
#13     run.<anonymous closure>.<anonymous closure> (package:flutter_tools/runner.dart:104:11)
<asynchronous suspension>
#14     AppContext.run.<anonymous closure> (package:flutter_tools/src/base/context.dart:154:19)
<asynchronous suspension>
#15     main (package:flutter_tools/executable.dart:103:3)
<asynchronous suspension>
```

## flutter doctor

```
[32m[âœ“][39m Flutter (Channel stable, 3.38.5, on macOS 26.0.1 25A362
    darwin-arm64, locale en-US) [68ms]
    [32mâ€¢[39m Flutter version 3.38.5 on channel stable at
      /opt/homebrew/share/flutter
    [32mâ€¢[39m Upstream repository https://github.com/flutter/flutter.git
    [32mâ€¢[39m Framework revision f6ff1529fd (3 weeks ago), 2025-12-11 11:50:07
      -0500
    [32mâ€¢[39m Engine revision 1527ae0ec5
    [32mâ€¢[39m Dart version 3.10.4
    [32mâ€¢[39m DevTools version 2.51.1
    [32mâ€¢[39m Feature flags: enable-web, enable-linux-desktop,
      enable-macos-desktop, enable-windows-desktop, enable-android,
      enable-ios, cli-animations, enable-native-assets,
      omit-legacy-version-file, enable-lldb-debugging

[31m[âœ—][39m Android toolchain - develop for Android devices [30ms]
    [31mâœ—[39m Unable to locate Android SDK.
      Install Android Studio from:
      https://developer.android.com/studio/index.html
      On first launch it will assist you in installing the Android SDK
      components.
      (or visit https://flutter.dev/to/macos-android-setup for detailed
      instructions).
      If the Android SDK has been installed to a custom location, please
      use
      `flutter config --android-sdk` to update to that location.


[32m[âœ“][39m Xcode - develop for iOS and macOS (Xcode 26.2) [483ms]
    [32mâ€¢[39m Xcode at /Applications/Xcode.app/Contents/Developer
    [32mâ€¢[39m Build 17C52
    [32mâ€¢[39m CocoaPods version 1.16.2

[32m[âœ“][39m Chrome - develop for the web [2ms]
    [32mâ€¢[39m Chrome at /Applications/Google Chrome.app/Contents/MacOS/Google
      Chrome

[32m[âœ“][39m Connected device (4 available) [5.6s]
    [32mâ€¢[39m iPhone (mobile)        â€¢ 00008130-001029A62130001C            â€¢
      ios            â€¢ iOS 26.1 23B85
    [32mâ€¢[39m iPhone 17 Pro (mobile) â€¢ E4668E0B-685E-48C5-B0BB-6A0E15B59A25 â€¢
      ios            â€¢ com.apple.CoreSimulator.SimRuntime.iOS-26-0
      (simulator)
    [32mâ€¢[39m macOS (desktop)        â€¢ macos                                â€¢
      darwin-arm64   â€¢ macOS 26.0.1 25A362 darwin-arm64
    [32mâ€¢[39m Chrome (web)           â€¢ chrome                               â€¢
      web-javascript â€¢ Google Chrome 143.0.7499.170

[32m[âœ“][39m Network resources [284ms]
    [32mâ€¢[39m All expected network resources are available.

[33m![39m Doctor found issues in 1 category.
```
